0 info it worked if it ends with ok
1 verbose cli [ '/usr/bin/node',
1 verbose cli   '/usr/share/npm/bin/npm-cli.js',
1 verbose cli   'run',
1 verbose cli   'nodemon',
1 verbose cli   '--scripts-prepend-node-path=auto' ]
2 info using npm@3.5.2
3 info using node@v8.10.0
4 verbose run-script [ 'prenodemon', 'nodemon', 'postnodemon' ]
5 info lifecycle medilab@1.0.0~prenodemon: medilab@1.0.0
6 silly lifecycle medilab@1.0.0~prenodemon: no script for prenodemon, continuing
7 info lifecycle medilab@1.0.0~nodemon: medilab@1.0.0
8 verbose lifecycle medilab@1.0.0~nodemon: unsafe-perm in lifecycle true
9 verbose lifecycle medilab@1.0.0~nodemon: PATH: /usr/share/npm/bin/node-gyp-bin:/home/rumman/medilab/node_modules/.bin:/usr/local/sbin:/usr/local/bin:/usr/sbin:/usr/bin:/sbin:/bin:/usr/games:/usr/local/games:/snap/bin
10 verbose lifecycle medilab@1.0.0~nodemon: CWD: /home/rumman/medilab
11 silly lifecycle medilab@1.0.0~nodemon: Args: [ '-c', 'nodemon ./src/app.ts' ]
12 silly lifecycle medilab@1.0.0~nodemon: Returned: code: 1  signal: null
13 info lifecycle medilab@1.0.0~nodemon: Failed to exec nodemon script
14 verbose stack Error: medilab@1.0.0 nodemon: `nodemon ./src/app.ts`
14 verbose stack Exit status 1
14 verbose stack     at EventEmitter.<anonymous> (/usr/share/npm/lib/utils/lifecycle.js:232:16)
14 verbose stack     at emitTwo (events.js:126:13)
14 verbose stack     at EventEmitter.emit (events.js:214:7)
14 verbose stack     at ChildProcess.<anonymous> (/usr/share/npm/lib/utils/spawn.js:24:14)
14 verbose stack     at emitTwo (events.js:126:13)
14 verbose stack     at ChildProcess.emit (events.js:214:7)
14 verbose stack     at maybeClose (internal/child_process.js:925:16)
14 verbose stack     at Process.ChildProcess._handle.onexit (internal/child_process.js:209:5)
15 verbose pkgid medilab@1.0.0
16 verbose cwd /home/rumman/medilab
17 error Linux 5.0.0-32-generic
18 error argv "/usr/bin/node" "/usr/share/npm/bin/npm-cli.js" "run" "nodemon" "--scripts-prepend-node-path=auto"
19 error node v8.10.0
20 error npm  v3.5.2
21 error code ELIFECYCLE
22 error medilab@1.0.0 nodemon: `nodemon ./src/app.ts`
22 error Exit status 1
23 error Failed at the medilab@1.0.0 nodemon script 'nodemon ./src/app.ts'.
23 error Make sure you have the latest version of node.js and npm installed.
23 error If you do, this is most likely a problem with the medilab package,
23 error not with npm itself.
23 error Tell the author that this fails on your system:
23 error     nodemon ./src/app.ts
23 error You can get information on how to open an issue for this project with:
23 error     npm bugs medilab
23 error Or if that isn't available, you can get their info via:
23 error     npm owner ls medilab
23 error There is likely additional logging output above.
24 verbose exit [ 1, true ]
